Using pre-set license
Built from '2020.3/staging' branch; Version is '2020.3.3f1 (76626098c1c4) revision 7758432'; Using compiler version '192528614'; Build Type 'Release'
OS: 'Windows 10 Enterprise; OS build 19041.928; Version 2004; 64bit' Language: 'en' Physical Memory: 32601 MB
BatchMode: 1, IsHumanControllingUs: 0, StartBugReporterOnCrash: 0, Is64bit: 1, IsPro: 0

 COMMAND LINE ARGUMENTS:
D:\uNITY\Editor\Unity.exe
-adb2
-batchMode
-noUpm
-name
AssetImportWorker0
-projectPath
C:/Users/students/Desktop/A1
-logFile
Logs/AssetImportWorker0.log
-srvPort
63358
Successfully changed project path to: C:/Users/students/Desktop/A1
C:/Users/students/Desktop/A1
Using Asset Import Pipeline V2.
Refreshing native plugins compatible for Editor in 35.14 ms, found 1 plugins.
Preloading 0 native plugins for Editor in 0.00 ms.
Initialize engine version: 2020.3.3f1 (76626098c1c4)
[Subsystems] Discovering subsystems at path D:/uNITY/Editor/Data/Resources/UnitySubsystems
[Subsystems] Discovering subsystems at path C:/Users/students/Desktop/A1/Assets
GfxDevice: creating device client; threaded=0
Direct3D:
    Version:  Direct3D 11.0 [level 11.1]
    Renderer: NVIDIA Quadro RTX 4000 (ID=0x1eb1)
    Vendor:   
    VRAM:     8018 MB
    Driver:   27.21.14.5709
Initialize mono
Mono path[0] = 'D:/uNITY/Editor/Data/Managed'
Mono path[1] = 'D:/uNITY/Editor/Data/MonoBleedingEdge/lib/mono/unityjit'
Mono config path = 'D:/uNITY/Editor/Data/MonoBleedingEdge/etc'
Using monoOptions --debugger-agent=transport=dt_socket,embedding=1,server=y,suspend=n,address=127.0.0.1:56768
Begin MonoManager ReloadAssembly
Registering precompiled unity dll's ...
Register platform support module: D:/uNITY/Editor/Data/PlaybackEngines/WindowsStandaloneSupport/UnityEditor.WindowsStandalone.Extensions.dll
Registered in 0.001826 seconds.
Native extension for WindowsStandalone target not found
Refreshing native plugins compatible for Editor in 34.40 ms, found 1 plugins.
Preloading 0 native plugins for Editor in 0.00 ms.
Invoked RoslynAnalysisRunner static constructor.
RoslynAnalysisRunner will not be running.
RoslynAnalysisRunner has terminated.
Mono: successfully reloaded assembly
- Completed reload, in  1.069 seconds
Platform modules already initialized, skipping
Registering precompiled user dll's ...
Registered in 0.001363 seconds.
Begin MonoManager ReloadAssembly
Native extension for WindowsStandalone target not found
Refreshing native plugins compatible for Editor in 31.04 ms, found 1 plugins.
Preloading 0 native plugins for Editor in 0.00 ms.
Invoked RoslynAnalysisRunner static constructor.
RoslynAnalysisRunner will not be running.
RoslynAnalysisRunner has terminated.
Mono: successfully reloaded assembly
- Completed reload, in  0.879 seconds
Platform modules already initialized, skipping
========================================================================
Worker process is ready to serve import requests
Launched and connected shader compiler UnityShaderCompiler.exe after 0.04 seconds
Refreshing native plugins compatible for Editor in 0.34 ms, found 1 plugins.
Preloading 0 native plugins for Editor in 0.00 ms.
Unloading 1814 Unused Serialized files (Serialized files now loaded: 0)
System memory in use before: 85.1 MB.
System memory in use after: 85.0 MB.

Unloading 24 unused Assets to reduce memory usage. Loaded Objects now: 2258.
Total: 1.936800 ms (FindLiveObjects: 0.263100 ms CreateObjectMapping: 0.089800 ms MarkObjects: 1.473500 ms  DeleteObjects: 0.109700 ms)

========================================================================
Received Import Request.
  path: Assets/Sprites/Animation/colli
  artifactKey: Guid(612ca7f9bad1da049ae3b459921ea909) Importer(815301076,1909f56bfc062723c751e8b465ee728b)
Start importing Assets/Sprites/Animation/colli using Guid(612ca7f9bad1da049ae3b459921ea909) Importer(815301076,1909f56bfc062723c751e8b465ee728b)  -> (artifact id: '9cfb995ce2c6f27717b0ca723702b1a4') in 0.005374 seconds
  Import took 0.008476 seconds .

========================================================================
Received Import Request.
  Time since last request: 6.533977 seconds.
  path: Assets/Sprites/Animation/Pickup
  artifactKey: Guid(612ca7f9bad1da049ae3b459921ea909) Importer(815301076,1909f56bfc062723c751e8b465ee728b)
Start importing Assets/Sprites/Animation/Pickup using Guid(612ca7f9bad1da049ae3b459921ea909) Importer(815301076,1909f56bfc062723c751e8b465ee728b)  -> (artifact id: 'eb8e442026b792a75cbe52ef02304f84') in 0.003048 seconds
  Import took 0.005905 seconds .

========================================================================
Received Import Request.
  Time since last request: 21.138716 seconds.
  path: Assets/Sprites/Animation/Pickup/Powerup.anim
  artifactKey: Guid(ce4e6f0645443b94ca481409df465204) Importer(815301076,1909f56bfc062723c751e8b465ee728b)
Start importing Assets/Sprites/Animation/Pickup/Powerup.anim using Guid(ce4e6f0645443b94ca481409df465204) Importer(815301076,1909f56bfc062723c751e8b465ee728b)  -> (artifact id: '0393c4ec26978463092531bbfa19d477') in 0.039055 seconds
  Import took 0.041479 seconds .

========================================================================
Received Prepare
Registering precompiled user dll's ...
Registered in 0.002075 seconds.
Begin MonoManager ReloadAssembly
Native extension for WindowsStandalone target not found
Refreshing native plugins compatible for Editor in 0.31 ms, found 1 plugins.
Preloading 0 native plugins for Editor in 0.00 ms.
Invoked RoslynAnalysisRunner static constructor.
RoslynAnalysisRunner will not be running.
RoslynAnalysisRunner has terminated.
Mono: successfully reloaded assembly
- Completed reload, in  0.810 seconds
Platform modules already initialized, skipping
Refreshing native plugins compatible for Editor in 0.31 ms, found 1 plugins.
Preloading 0 native plugins for Editor in 0.00 ms.
Unloading 1809 Unused Serialized files (Serialized files now loaded: 0)
System memory in use before: 85.0 MB.
System memory in use after: 85.0 MB.

Unloading 12 unused Assets to reduce memory usage. Loaded Objects now: 2262.
Total: 1.855100 ms (FindLiveObjects: 0.169900 ms CreateObjectMapping: 0.062200 ms MarkObjects: 1.529200 ms  DeleteObjects: 0.092800 ms)

========================================================================
Received Prepare
Registering precompiled user dll's ...
Registered in 0.001411 seconds.
Begin MonoManager ReloadAssembly
Native extension for WindowsStandalone target not found
Refreshing native plugins compatible for Editor in 0.65 ms, found 1 plugins.
Preloading 0 native plugins for Editor in 0.00 ms.
Invoked RoslynAnalysisRunner static constructor.
RoslynAnalysisRunner will not be running.
RoslynAnalysisRunner has terminated.
Mono: successfully reloaded assembly
- Completed reload, in  0.927 seconds
Platform modules already initialized, skipping
Refreshing native plugins compatible for Editor in 0.32 ms, found 1 plugins.
Preloading 0 native plugins for Editor in 0.00 ms.
Unloading 1809 Unused Serialized files (Serialized files now loaded: 0)
System memory in use before: 85.1 MB.
System memory in use after: 85.0 MB.

Unloading 12 unused Assets to reduce memory usage. Loaded Objects now: 2266.
Total: 1.891500 ms (FindLiveObjects: 0.229100 ms CreateObjectMapping: 0.075400 ms MarkObjects: 1.490900 ms  DeleteObjects: 0.094700 ms)

========================================================================
Received Import Request.
  Time since last request: 1258.658898 seconds.
  path: Assets/Prefabs/Pickup/Win.prefab
  artifactKey: Guid(24659a3e5d556694a8988ddea5ab539b) Importer(815301076,1909f56bfc062723c751e8b465ee728b)
Start importing Assets/Prefabs/Pickup/Win.prefab using Guid(24659a3e5d556694a8988ddea5ab539b) Importer(815301076,1909f56bfc062723c751e8b465ee728b)  -> (artifact id: 'b68b94d40cebbac09701031891fc0278') in 0.026437 seconds
  Import took 0.029124 seconds .

========================================================================
Received Import Request.
  Time since last request: 9.161806 seconds.
  path: Assets/Prefabs/Pickup/Win.prefab
  artifactKey: Guid(24659a3e5d556694a8988ddea5ab539b) Importer(815301076,1909f56bfc062723c751e8b465ee728b)
Start importing Assets/Prefabs/Pickup/Win.prefab using Guid(24659a3e5d556694a8988ddea5ab539b) Importer(815301076,1909f56bfc062723c751e8b465ee728b)  -> (artifact id: '620fb1959999f0433593f8f26d268def') in 0.005164 seconds
  Import took 0.008120 seconds .

========================================================================
Received Import Request.
  Time since last request: 36.494794 seconds.
  path: Assets/Prefabs/Pickup/Win.prefab
  artifactKey: Guid(24659a3e5d556694a8988ddea5ab539b) Importer(815301076,1909f56bfc062723c751e8b465ee728b)
Start importing Assets/Prefabs/Pickup/Win.prefab using Guid(24659a3e5d556694a8988ddea5ab539b) Importer(815301076,1909f56bfc062723c751e8b465ee728b)  -> (artifact id: 'a2eceb072a668259a797bc3b5c988f14') in 0.083580 seconds
  Import took 0.086426 seconds .

========================================================================
Received Import Request.
  Time since last request: 4.426670 seconds.
  path: Assets/Prefabs/Pickup/Win.prefab
  artifactKey: Guid(24659a3e5d556694a8988ddea5ab539b) Importer(815301076,1909f56bfc062723c751e8b465ee728b)
Start importing Assets/Prefabs/Pickup/Win.prefab using Guid(24659a3e5d556694a8988ddea5ab539b) Importer(815301076,1909f56bfc062723c751e8b465ee728b)  -> (artifact id: 'a642d45a7b2f3d22beeb24f8178634a5') in 0.018604 seconds
  Import took 0.021354 seconds .

========================================================================
Received Prepare
Registering precompiled user dll's ...
Registered in 0.001565 seconds.
Begin MonoManager ReloadAssembly
Native extension for WindowsStandalone target not found
Refreshing native plugins compatible for Editor in 0.37 ms, found 1 plugins.
Preloading 0 native plugins for Editor in 0.00 ms.
Invoked RoslynAnalysisRunner static constructor.
RoslynAnalysisRunner will not be running.
RoslynAnalysisRunner has terminated.
Mono: successfully reloaded assembly
- Completed reload, in  0.842 seconds
Platform modules already initialized, skipping
Refreshing native plugins compatible for Editor in 0.35 ms, found 1 plugins.
Preloading 0 native plugins for Editor in 0.00 ms.
Unloading 1810 Unused Serialized files (Serialized files now loaded: 0)
System memory in use before: 88.2 MB.
System memory in use after: 88.2 MB.

Unloading 12 unused Assets to reduce memory usage. Loaded Objects now: 2278.
Total: 3.364500 ms (FindLiveObjects: 0.275400 ms CreateObjectMapping: 0.098700 ms MarkObjects: 2.836300 ms  DeleteObjects: 0.152300 ms)

========================================================================
Received Import Request.
  Time since last request: 40.136718 seconds.
  path: Assets/Scripts/NewBehaviourScript.cs
  artifactKey: Guid(e3c05824b0dde754da5519aa7b1875bd) Importer(815301076,1909f56bfc062723c751e8b465ee728b)
Start importing Assets/Scripts/NewBehaviourScript.cs using Guid(e3c05824b0dde754da5519aa7b1875bd) Importer(815301076,1909f56bfc062723c751e8b465ee728b)  -> (artifact id: 'a311915b1fd501d09b24438e812777c1') in 0.012580 seconds
  Import took 0.016722 seconds .

========================================================================
Received Import Request.
  Time since last request: 16.516568 seconds.
  path: Assets/Scripts/Objective.cs
  artifactKey: Guid(e3c05824b0dde754da5519aa7b1875bd) Importer(815301076,1909f56bfc062723c751e8b465ee728b)
Start importing Assets/Scripts/Objective.cs using Guid(e3c05824b0dde754da5519aa7b1875bd) Importer(815301076,1909f56bfc062723c751e8b465ee728b)  -> (artifact id: '70be9a8dca9fdc2a9749b13be64dedc1') in 0.002996 seconds
  Import took 0.005807 seconds .

========================================================================
Received Prepare
Registering precompiled user dll's ...
Registered in 0.001529 seconds.
Begin MonoManager ReloadAssembly
Native extension for WindowsStandalone target not found
Refreshing native plugins compatible for Editor in 0.31 ms, found 1 plugins.
Preloading 0 native plugins for Editor in 0.00 ms.
Invoked RoslynAnalysisRunner static constructor.
RoslynAnalysisRunner will not be running.
RoslynAnalysisRunner has terminated.
Mono: successfully reloaded assembly
- Completed reload, in  0.822 seconds
Platform modules already initialized, skipping
Refreshing native plugins compatible for Editor in 0.35 ms, found 1 plugins.
Preloading 0 native plugins for Editor in 0.00 ms.
Unloading 1810 Unused Serialized files (Serialized files now loaded: 0)
System memory in use before: 88.2 MB.
System memory in use after: 88.2 MB.

Unloading 12 unused Assets to reduce memory usage. Loaded Objects now: 2282.
Total: 2.637400 ms (FindLiveObjects: 0.183500 ms CreateObjectMapping: 0.080100 ms MarkObjects: 2.240500 ms  DeleteObjects: 0.132200 ms)

========================================================================
Received Prepare
Registering precompiled user dll's ...
Registered in 0.001741 seconds.
Begin MonoManager ReloadAssembly
Native extension for WindowsStandalone target not found
Refreshing native plugins compatible for Editor in 0.43 ms, found 1 plugins.
Preloading 0 native plugins for Editor in 0.00 ms.
Invoked RoslynAnalysisRunner static constructor.
RoslynAnalysisRunner will not be running.
RoslynAnalysisRunner has terminated.
Mono: successfully reloaded assembly
- Completed reload, in  0.808 seconds
Platform modules already initialized, skipping
Refreshing native plugins compatible for Editor in 0.34 ms, found 1 plugins.
Preloading 0 native plugins for Editor in 0.00 ms.
Unloading 1810 Unused Serialized files (Serialized files now loaded: 0)
System memory in use before: 88.2 MB.
System memory in use after: 88.2 MB.

Unloading 12 unused Assets to reduce memory usage. Loaded Objects now: 2286.
Total: 2.335100 ms (FindLiveObjects: 0.248000 ms CreateObjectMapping: 0.071600 ms MarkObjects: 1.905400 ms  DeleteObjects: 0.108300 ms)

========================================================================
Received Import Request.
  Time since last request: 44.626768 seconds.
  path: Assets/Scripts/Objective.cs
  artifactKey: Guid(e3c05824b0dde754da5519aa7b1875bd) Importer(815301076,1909f56bfc062723c751e8b465ee728b)
Start importing Assets/Scripts/Objective.cs using Guid(e3c05824b0dde754da5519aa7b1875bd) Importer(815301076,1909f56bfc062723c751e8b465ee728b)  -> (artifact id: '423189c7ad10658efeab70c9395bb0b1') in 0.006486 seconds
  Import took 0.011365 seconds .

========================================================================
Received Prepare
Registering precompiled user dll's ...
Registered in 0.001398 seconds.
Begin MonoManager ReloadAssembly
Native extension for WindowsStandalone target not found
Refreshing native plugins compatible for Editor in 0.31 ms, found 1 plugins.
Preloading 0 native plugins for Editor in 0.00 ms.
Invoked RoslynAnalysisRunner static constructor.
RoslynAnalysisRunner will not be running.
RoslynAnalysisRunner has terminated.
Mono: successfully reloaded assembly
- Completed reload, in  0.771 seconds
Platform modules already initialized, skipping
Refreshing native plugins compatible for Editor in 0.38 ms, found 1 plugins.
Preloading 0 native plugins for Editor in 0.00 ms.
Unloading 1810 Unused Serialized files (Serialized files now loaded: 0)
System memory in use before: 88.2 MB.
System memory in use after: 88.2 MB.

Unloading 12 unused Assets to reduce memory usage. Loaded Objects now: 2290.
Total: 1.994900 ms (FindLiveObjects: 0.164700 ms CreateObjectMapping: 0.061400 ms MarkObjects: 1.671700 ms  DeleteObjects: 0.096300 ms)

========================================================================
Received Import Request.
  Time since last request: 42.263247 seconds.
  path: Assets/Scripts/Objective.cs
  artifactKey: Guid(e3c05824b0dde754da5519aa7b1875bd) Importer(815301076,1909f56bfc062723c751e8b465ee728b)
Start importing Assets/Scripts/Objective.cs using Guid(e3c05824b0dde754da5519aa7b1875bd) Importer(815301076,1909f56bfc062723c751e8b465ee728b)  -> (artifact id: '6793d90da7fd89af970cf9b7df54d93d') in 0.004964 seconds
  Import took 0.007547 seconds .

========================================================================
Received Prepare
Registering precompiled user dll's ...
Registered in 0.001860 seconds.
Begin MonoManager ReloadAssembly
Native extension for WindowsStandalone target not found
Refreshing native plugins compatible for Editor in 0.32 ms, found 1 plugins.
Preloading 0 native plugins for Editor in 0.00 ms.
Invoked RoslynAnalysisRunner static constructor.
RoslynAnalysisRunner will not be running.
RoslynAnalysisRunner has terminated.
Mono: successfully reloaded assembly
- Completed reload, in  0.881 seconds
Platform modules already initialized, skipping
Refreshing native plugins compatible for Editor in 0.55 ms, found 1 plugins.
Preloading 0 native plugins for Editor in 0.00 ms.
Unloading 1810 Unused Serialized files (Serialized files now loaded: 0)
System memory in use before: 88.2 MB.
System memory in use after: 88.2 MB.

Unloading 12 unused Assets to reduce memory usage. Loaded Objects now: 2294.
Total: 2.617200 ms (FindLiveObjects: 0.461800 ms CreateObjectMapping: 0.087200 ms MarkObjects: 1.963300 ms  DeleteObjects: 0.103200 ms)

========================================================================
Received Import Request.
  Time since last request: 89.842697 seconds.
  path: Assets/Scripts/Objective.cs
  artifactKey: Guid(e3c05824b0dde754da5519aa7b1875bd) Importer(815301076,1909f56bfc062723c751e8b465ee728b)
Start importing Assets/Scripts/Objective.cs using Guid(e3c05824b0dde754da5519aa7b1875bd) Importer(815301076,1909f56bfc062723c751e8b465ee728b)  -> (artifact id: '62e50862e5bd5fd4bb70ca1ffd07f55e') in 0.006315 seconds
  Import took 0.009517 seconds .

========================================================================
Received Import Request.
  Time since last request: 172.079878 seconds.
  path: Assets/Scripts/Player/PlayerMovement.cs
  artifactKey: Guid(a12763a2c1bd59840ad2cd362e6e187e) Importer(815301076,1909f56bfc062723c751e8b465ee728b)
Start importing Assets/Scripts/Player/PlayerMovement.cs using Guid(a12763a2c1bd59840ad2cd362e6e187e) Importer(815301076,1909f56bfc062723c751e8b465ee728b)  -> (artifact id: 'ca46e66ef8ca11b5db3255816576e134') in 0.003066 seconds
  Import took 0.005779 seconds .

========================================================================
Received Prepare
Registering precompiled user dll's ...
Registered in 0.001354 seconds.
Begin MonoManager ReloadAssembly
Native extension for WindowsStandalone target not found
Refreshing native plugins compatible for Editor in 0.34 ms, found 1 plugins.
Preloading 0 native plugins for Editor in 0.00 ms.
Invoked RoslynAnalysisRunner static constructor.
RoslynAnalysisRunner will not be running.
RoslynAnalysisRunner has terminated.
Mono: successfully reloaded assembly
- Completed reload, in  0.844 seconds
Platform modules already initialized, skipping
Refreshing native plugins compatible for Editor in 0.42 ms, found 1 plugins.
Preloading 0 native plugins for Editor in 0.00 ms.
Unloading 1810 Unused Serialized files (Serialized files now loaded: 0)
System memory in use before: 88.2 MB.
System memory in use after: 88.2 MB.

Unloading 12 unused Assets to reduce memory usage. Loaded Objects now: 2298.
Total: 1.751500 ms (FindLiveObjects: 0.182100 ms CreateObjectMapping: 0.061400 ms MarkObjects: 1.412400 ms  DeleteObjects: 0.094700 ms)

========================================================================
Received Prepare
Registering precompiled user dll's ...
Registered in 0.001805 seconds.
Begin MonoManager ReloadAssembly
Native extension for WindowsStandalone target not found
Refreshing native plugins compatible for Editor in 0.36 ms, found 1 plugins.
Preloading 0 native plugins for Editor in 0.00 ms.
Invoked RoslynAnalysisRunner static constructor.
RoslynAnalysisRunner will not be running.
RoslynAnalysisRunner has terminated.
Mono: successfully reloaded assembly
- Completed reload, in  0.817 seconds
Platform modules already initialized, skipping
Refreshing native plugins compatible for Editor in 0.41 ms, found 1 plugins.
Preloading 0 native plugins for Editor in 0.00 ms.
Unloading 1810 Unused Serialized files (Serialized files now loaded: 0)
System memory in use before: 88.3 MB.
System memory in use after: 88.2 MB.

Unloading 12 unused Assets to reduce memory usage. Loaded Objects now: 2302.
Total: 2.450500 ms (FindLiveObjects: 0.612100 ms CreateObjectMapping: 0.183800 ms MarkObjects: 1.546700 ms  DeleteObjects: 0.105700 ms)

========================================================================
Received Import Request.
  Time since last request: 193.588048 seconds.
  path: Assets/Scripts/PIckUp/Spawn.cs
  artifactKey: Guid(dd122279fb8c0bd44b83df7b91915758) Importer(815301076,1909f56bfc062723c751e8b465ee728b)
Start importing Assets/Scripts/PIckUp/Spawn.cs using Guid(dd122279fb8c0bd44b83df7b91915758) Importer(815301076,1909f56bfc062723c751e8b465ee728b)  -> (artifact id: '6fe98ae4cf4110ab7e233d6ea43275f9') in 0.005197 seconds
  Import took 0.008132 seconds .

========================================================================
Received Prepare
Registering precompiled user dll's ...
Registered in 0.001453 seconds.
Begin MonoManager ReloadAssembly
Native extension for WindowsStandalone target not found
Refreshing native plugins compatible for Editor in 0.37 ms, found 1 plugins.
Preloading 0 native plugins for Editor in 0.00 ms.
Invoked RoslynAnalysisRunner static constructor.
RoslynAnalysisRunner will not be running.
RoslynAnalysisRunner has terminated.
Mono: successfully reloaded assembly
- Completed reload, in  0.831 seconds
Platform modules already initialized, skipping
Refreshing native plugins compatible for Editor in 0.31 ms, found 1 plugins.
Preloading 0 native plugins for Editor in 0.00 ms.
Unloading 1810 Unused Serialized files (Serialized files now loaded: 0)
System memory in use before: 88.3 MB.
System memory in use after: 88.2 MB.

Unloading 12 unused Assets to reduce memory usage. Loaded Objects now: 2306.
Total: 1.894100 ms (FindLiveObjects: 0.159400 ms CreateObjectMapping: 0.056700 ms MarkObjects: 1.571800 ms  DeleteObjects: 0.105300 ms)

========================================================================
Received Import Request.
  Time since last request: 104.133228 seconds.
  path: Assets/Scripts/PIckUp/Spawn.cs
  artifactKey: Guid(dd122279fb8c0bd44b83df7b91915758) Importer(815301076,1909f56bfc062723c751e8b465ee728b)
Start importing Assets/Scripts/PIckUp/Spawn.cs using Guid(dd122279fb8c0bd44b83df7b91915758) Importer(815301076,1909f56bfc062723c751e8b465ee728b)  -> (artifact id: 'da0074b3e9f693d90b4cc962783ac271') in 0.004839 seconds
  Import took 0.008138 seconds .

========================================================================
Received Prepare
Registering precompiled user dll's ...
Registered in 0.001559 seconds.
Begin MonoManager ReloadAssembly
Native extension for WindowsStandalone target not found
Refreshing native plugins compatible for Editor in 0.43 ms, found 1 plugins.
Preloading 0 native plugins for Editor in 0.00 ms.
Invoked RoslynAnalysisRunner static constructor.
RoslynAnalysisRunner will not be running.
RoslynAnalysisRunner has terminated.
Mono: successfully reloaded assembly
- Completed reload, in  0.847 seconds
Platform modules already initialized, skipping
Refreshing native plugins compatible for Editor in 0.33 ms, found 1 plugins.
Preloading 0 native plugins for Editor in 0.00 ms.
Unloading 1810 Unused Serialized files (Serialized files now loaded: 0)
System memory in use before: 88.3 MB.
System memory in use after: 88.2 MB.

Unloading 12 unused Assets to reduce memory usage. Loaded Objects now: 2310.
Total: 2.412800 ms (FindLiveObjects: 0.301500 ms CreateObjectMapping: 0.087700 ms MarkObjects: 1.822800 ms  DeleteObjects: 0.199100 ms)

========================================================================
Received Prepare
Registering precompiled user dll's ...
Registered in 0.001350 seconds.
Begin MonoManager ReloadAssembly
Native extension for WindowsStandalone target not found
Refreshing native plugins compatible for Editor in 0.32 ms, found 1 plugins.
Preloading 0 native plugins for Editor in 0.00 ms.
Invoked RoslynAnalysisRunner static constructor.
RoslynAnalysisRunner will not be running.
RoslynAnalysisRunner has terminated.
Mono: successfully reloaded assembly
- Completed reload, in  0.795 seconds
Platform modules already initialized, skipping
Refreshing native plugins compatible for Editor in 0.32 ms, found 1 plugins.
Preloading 0 native plugins for Editor in 0.00 ms.
Unloading 1810 Unused Serialized files (Serialized files now loaded: 0)
System memory in use before: 88.3 MB.
System memory in use after: 88.3 MB.

Unloading 12 unused Assets to reduce memory usage. Loaded Objects now: 2314.
Total: 2.491500 ms (FindLiveObjects: 0.279700 ms CreateObjectMapping: 0.071000 ms MarkObjects: 1.996200 ms  DeleteObjects: 0.142800 ms)

AssetImportWorkerClient::OnTransportError - code=2 error=End of file
